
--- Debug Run 2026-01-18T19:00:11.984Z ---
[API Check] Status: 500
[API Check] Raw Body: <!DOCTYPE html><html><head><meta charSet="utf-8" data-next-head=""/><meta name="viewport" content="width=device-width" data-next-head=""/><style data-next-hide-fouc="true">body{display:none}</style><noscript data-next-hide-fouc="true"><style>body{display:block}</style></noscript><noscript data-n-css=""></noscript><script src="/_next/static/chunks/node_modules_next_dist_compiled_9c6fb6f2._.js" defer=""></script><script src="/_next/static/chunks/node_modules_next_dist_shared_lib_2f2a332e._.js" defer=""></script><script src="/_next/static/chunks/node_modules_next_dist_client_5a8a528e._.js" defer=""></script><script src="/_next/static/chunks/node_modules_next_dist_fe4545e6._.js" defer=""></script><script src="/_next/static/chunks/node_modules_next_app_72f3d36f.js" defer=""></script><script src="/_next/static/chunks/%5Bnext%5D_entry_page-loader_ts_742e4b53._.js" defer=""></script><script src="/_next/static/chunks/node_modules_react-dom_4411d9bd._.js" defer=""></script><script src="/_next/static/chunks/node_modules_7f09fef0._.js" defer=""></script><script src="/_next/static/chunks/%5Broot-of-the-server%5D__45f039c3._.js" defer=""></script><script src="/_next/static/chunks/pages__app_2da965e7._.js" defer=""></script><script src="/_next/static/chunks/turbopack-pages__app_5a74a036._.js" defer=""></script><script src="/_next/static/chunks/node_modules_next_dist_shared_lib_e7a9eec2._.js" defer=""></script><script src="/_next/static/chunks/node_modules_next_dist_e911413b._.js" defer=""></script><script src="/_next/static/chunks/node_modules_next_error_1cfbb379.js" defer=""></script><script src="/_next/static/chunks/%5Bnext%5D_entry_page-loader_ts_43b523b5._.js" defer=""></script><script src="/_next/static/chunks/%5Broot-of-the-server%5D__092393de._.js" defer=""></script><script src="/_next/static/chunks/pages__error_2da965e7._.js" defer=""></script><script src="/_next/static/chunks/turbopack-pages__error_7999fd7c._.js" defer=""></script><script src="/_next/static/development/_ssgManifest.js" defer=""></script><script src="/_next/static/development/_buildManifest.js" defer=""></script><noscript id="__next_css__DO_NOT_USE__"></noscript></head><body><div id="__next"></div><script id="__NEXT_DATA__" type="application/json">{"props":{"pageProps":{"statusCode":500,"hostname":"localhost"}},"page":"/_error","query":{},"buildId":"development","isFallback":false,"err":{"name":"Error","source":"server","message":"./app/api/admin/users/[id]/route.js:38:1\nParsing ecmascript source code failed\n  36 |\n  37 | return user;\n\u003e 38 | }\n     | ^\n  39 |\n  40 | export async function GET(req, { params }) {\n  41 |     try {\n\nExpression expected\n\n","stack":"Error: ./app/api/admin/users/[id]/route.js:38:1\nParsing ecmascript source code failed\n\u001b[0m \u001b[90m 36 |\u001b[39m\n \u001b[90m 37 |\u001b[39m \u001b[36mreturn\u001b[39m user\u001b[33m;\u001b[39m\n\u001b[31m\u001b[1m\u003e\u001b[22m\u001b[39m\u001b[90m 38 |\u001b[39m }\n \u001b[90m    |\u001b[39m \u001b[31m\u001b[1m^\u001b[22m\u001b[39m\n \u001b[90m 39 |\u001b[39m\n \u001b[90m 40 |\u001b[39m \u001b[36mexport\u001b[39m \u001b[36masync\u001b[39m \u001b[36mfunction\u001b[39m \u001b[33mGET\u001b[39m(req\u001b[33m,\u001b[39m { params }) {\n \u001b[90m 41 |\u001b[39m     \u001b[36mtry\u001b[39m {\u001b[0m\n\nExpression expected\n\n\n    at Object.getCompilationErrors (D:\\z\\pg-backend\\node_modules\\next\\dist\\server\\dev\\hot-reloader-turbopack.js:1008:59)\n    at DevBundlerService.getCompilationError (D:\\z\\pg-backend\\node_modules\\next\\dist\\server\\lib\\dev-bundler-service.js:44:55)\n    at DevServer.getCompilationError (D:\\z\\pg-backend\\node_modules\\next\\dist\\server\\dev\\next-dev-server.js:706:42)\n    at DevServer.findPageComponents (D:\\z\\pg-backend\\node_modules\\next\\dist\\server\\dev\\next-dev-server.js:676:43)\n    at async DevServer.renderErrorToResponseImpl (D:\\z\\pg-backend\\node_modules\\next\\dist\\server\\base-server.js:1713:26)"},"gip":true,"scriptLoader":[]}</script></body></html>

--- Debug Run 2026-01-18T19:00:46.205Z ---
[API Check] Status: 200
[API Check] Response: {
  "_id": "696d27f1d31fcbf9251efa3c",
  "name": "Karan",
  "email": "karan@gmail.com",
  "phone": "1234567888",
  "role": "PG_OWNER",
  "status": "pending",
  "subscriptionStatus": "inactive",
  "createdAt": "2026-01-18T18:35:29.012Z",
  "updatedAt": "2026-01-18T18:35:29.012Z",
  "__v": 0,
  "business": {
    "_id": "696d27f1d31fcbf9251efa3e",
    "name": "Karan",
    "type": "Girls",
    "location": "Karan",
    "address": "Karan",
    "totalRooms": 6,
    "totalBeds": 0,
    "pricing": {
      "rentMin": 1000,
      "rentMax": 1200,
      "deposit": 0
    },
    "amenities": {
      "wifi": true,
      "ac": false,
      "food": false,
      "parking": false,
      "laundry": false,
      "gym": false
    },
    "description": "Owner: Karan, Located in Karan",
    "status": "inactive",
    "approved": false,
    "ownerId": "696d27f1d31fcbf9251efa3c",
    "subscriptionStatus": "inactive",
    "documents": {
      "idProof": "https://res.cloudinary.com/dmlsgazvr/image/upload/v1768761327/mjhr86bkd0dn7bvsq4db.jpg",
      "propertyProof": "https://res.cloudinary.com/dmlsgazvr/image/upload/v1768761328/ezzoxxz7y5dy99sqiuin.jpg"
    },
    "createdAt": "2026-01-18T18:35:29.097Z",
    "updatedAt": "2026-01-18T18:35:29.097Z",
    "__v": 0
  }
}
